<?xml version="1.0" encoding="UTF-8"?>
<!-- Generated by org.testng.reporters.JUnitReportReporter -->
<testsuite skipped="0" hostname="DESKTOP-VOTVRTF" name="com.training.sanity.tests.RTTC_034" tests="1" failures="0" timestamp="23 Jul 2019 13:10:56 GMT" time="82.980" errors="0">
  <testcase name="ReturnProduct" time="82.980" classname="com.training.sanity.tests.RTTC_034"/>
</testsuite> <!-- com.training.sanity.tests.RTTC_034 -->
