<?xml version="1.0" encoding="UTF-8"?>
<!-- Generated by org.testng.reporters.JUnitReportReporter -->
<testsuite skipped="0" hostname="DESKTOP-VOTVRTF" name="com.training.sanity.tests.LoginTests" tests="1" failures="0" timestamp="07 Jul 2019 10:34:35 GMT" time="34.898" errors="0">
  <testcase name="validLoginTest" time="34.898" classname="com.training.sanity.tests.LoginTests"/>
</testsuite> <!-- com.training.sanity.tests.LoginTests -->
