<?xml version="1.0" encoding="UTF-8"?>
<!-- Generated by org.testng.reporters.JUnitReportReporter -->
<testsuite skipped="0" hostname="DESKTOP-VOTVRTF" name="com.training.sanity.tests.RTTC_004" tests="2" failures="0" timestamp="07 Jul 2019 13:28:13 GMT" time="83.752" errors="0">
  <testcase name="validLoginTest" time="64.786" classname="com.training.sanity.tests.RTTC_004"/>
  <testcase name="order" time="18.966" classname="com.training.sanity.tests.RTTC_004"/>
</testsuite> <!-- com.training.sanity.tests.RTTC_004 -->
