<?xml version="1.0" encoding="UTF-8"?>
<!-- Generated by org.testng.reporters.JUnitReportReporter -->
<testsuite skipped="0" hostname="DESKTOP-VOTVRTF" name="com.training.sanity.tests.RTTC_035" tests="2" failures="0" timestamp="17 Jul 2019 10:26:20 GMT" time="36.007" errors="0">
  <testcase name="validLoginTest" time="7.096" classname="com.training.sanity.tests.RTTC_035"/>
  <testcase name="Catelog" time="28.911" classname="com.training.sanity.tests.RTTC_035"/>
</testsuite> <!-- com.training.sanity.tests.RTTC_035 -->
