<?xml version="1.0" encoding="UTF-8"?>
<!-- Generated by org.testng.reporters.JUnitReportReporter -->
<testsuite skipped="0" hostname="DESKTOP-VOTVRTF" name="com.training.sanity.tests.RTTC_005" tests="2" failures="0" timestamp="07 Jul 2019 14:06:19 GMT" time="18.728" errors="0">
  <testcase name="validLoginTest" time="8.271" classname="com.training.sanity.tests.RTTC_005"/>
  <testcase name="order" time="10.457" classname="com.training.sanity.tests.RTTC_005"/>
</testsuite> <!-- com.training.sanity.tests.RTTC_005 -->
