<?xml version="1.0" encoding="UTF-8"?>
<!-- Generated by org.testng.reporters.JUnitReportReporter -->
<testsuite skipped="0" hostname="DESKTOP-VOTVRTF" name="com.training.sanity.tests.RTTC_036" tests="3" failures="0" timestamp="17 Jul 2019 16:06:03 GMT" time="421.774" errors="0">
  <testcase name="validLoginTest" time="130.376" classname="com.training.sanity.tests.RTTC_036"/>
  <testcase name="order" time="64.047" classname="com.training.sanity.tests.RTTC_036"/>
  <testcase name="ReturnProduct" time="227.351" classname="com.training.sanity.tests.RTTC_036"/>
</testsuite> <!-- com.training.sanity.tests.RTTC_036 -->
